warning: Git tree '/etc/nixos' is dirty
building the system configuration...
warning: Git tree '/etc/nixos' is dirty
these 7 derivations will be built:
  /nix/store/dwq0w6xbqq474djck4gzj2py63nfgdpd-unit-script-nixos-upgrade-start.drv
  /nix/store/ji5c3mzr7imxz08v6v469irq1as2ym23-unit-nixos-upgrade.service.drv
  /nix/store/7ha6n63s6miaxrp48bpv9zwb452g9xqr-system-units.drv
  /nix/store/y51ywp64bkdk5q3z6kn1m1nfnrvp9qi8-unit-dotfiles-sync.service.drv
  /nix/store/fjrqizhjzqaffisrv1rp2f88r2yrfxax-user-units.drv
  /nix/store/gbvriqzlmfg12kxwwb2idydpikdfrf61-etc.drv
  /nix/store/hir7y547wwd8ajk65vw1g29hncx6kcif-nixos-system-desktop-24.11.20241029.807e915.drv
building '/nix/store/y51ywp64bkdk5q3z6kn1m1nfnrvp9qi8-unit-dotfiles-sync.service.drv'...
building '/nix/store/dwq0w6xbqq474djck4gzj2py63nfgdpd-unit-script-nixos-upgrade-start.drv'...
building '/nix/store/fjrqizhjzqaffisrv1rp2f88r2yrfxax-user-units.drv'...
building '/nix/store/ji5c3mzr7imxz08v6v469irq1as2ym23-unit-nixos-upgrade.service.drv'...
building '/nix/store/7ha6n63s6miaxrp48bpv9zwb452g9xqr-system-units.drv'...
building '/nix/store/gbvriqzlmfg12kxwwb2idydpikdfrf61-etc.drv'...
building '/nix/store/hir7y547wwd8ajk65vw1g29hncx6kcif-nixos-system-desktop-24.11.20241029.807e915.drv'...
updating GRUB 2 menu...
Warning: os-prober will be executed to detect other bootable partitions.
Its output will be used to detect bootable binaries on them and create new boot entries.
lsblk: /dev/mapper/no*[0-9]: not a block device
lsblk: /dev/mapper/raid*[0-9]: not a block device
lsblk: /dev/mapper/disks*[0-9]: not a block device
activating the configuration...
setting up /etc...
reloading user units for keganre...
restarting sysinit-reactivation.target
